<?xml version="1.0" encoding="UTF-8" ?>
<testsuite errors="0" skipped="0" tests="2" time="0.14" failures="0" name="pl.touk.framework.logging.aop.LogAspectTest">
  <properties>
    <property value="Sun Microsystems Inc." name="java.vendor"/>
    <property value="c:\\mvnr" name="localRepository"/>
    <property value="SUN_STANDARD" name="sun.java.launcher"/>
    <property value="HotSpot Client Compiler" name="sun.management.compiler"/>
    <property value="$P$G" name="env.PROMPT"/>
    <property value="Windows XP" name="os.name"/>
    <property value="NO" name="env.FP_NO_HOST_CHECK"/>
    <property value="C:\Programy\Java\jdk1.5.0_16\jre\lib\rt.jar;C:\Programy\Java\jdk1.5.0_16\jre\lib\i18n.jar;C:\Programy\Java\jdk1.5.0_16\jre\lib\sunrsasign.jar;C:\Programy\Java\jdk1.5.0_16\jre\lib\jsse.jar;C:\Programy\Java\jdk1.5.0_16\jre\lib\jce.jar;C:\Programy\Java\jdk1.5.0_16\jre\lib\charsets.jar;C:\Programy\Java\jdk1.5.0_16\jre\classes" name="sun.boot.class.path"/>
    <property value="JNBTOSH" name="env.COMPUTERNAME"/>
    <property value="C:\Documents and Settings\All Users" name="env.ALLUSERSPROFILE"/>
    <property value="windows" name="sun.desktop"/>
    <property value="Sun Microsystems Inc." name="java.vm.specification.vendor"/>
    <property value="1.5.0_16-b02" name="java.runtime.version"/>
    <property value="\Documents and Settings\jnb" name="env.HOMEPATH"/>
    <property value="jnb" name="user.name"/>
    <property value="C:\Programy\IntelliJ IDEA 8.0.1\bin" name="idea.launcher.bin.path"/>
    <property value="pl" name="user.language"/>
    <property value="C:\Programy\Java\jdk1.5.0_16\jre\bin" name="sun.boot.library.path"/>
    <property value="C:\Programy\maven2\apache-maven-2.0.9\bin\m2.conf" name="classworlds.conf"/>
    <property value="1.5.0_16" name="java.version"/>
    <property value="x86 Family 6 Model 14 Stepping 8, GenuineIntel" name="env.PROCESSOR_IDENTIFIER"/>
    <property value="Europe/Belgrade" name="user.timezone"/>
    <property value="C:\DOCUME~1\jnb\LOCALS~1\Temp" name="env.TEMP"/>
    <property value="32" name="sun.arch.data.model"/>
    <property value="C:\Programy\Subversion\iconv" name="env.APR_ICONV_PATH"/>
    <property value="C:\Programy\Java\jdk1.5.0_16\jre\lib\endorsed" name="java.endorsed.dirs"/>
    <property value="pentium_pro+mmx pentium_pro pentium+mmx pentium i486 i386 i86" name="sun.cpu.isalist"/>
    <property value="C:" name="env.HOMEDRIVE"/>
    <property value="Cp1250" name="sun.jnu.encoding"/>
    <property value="sun.io" name="file.encoding.pkg"/>
    <property value="\" name="file.separator"/>
    <property value="Java Platform API Specification" name="java.specification.name"/>
    <property value="49.0" name="java.class.version"/>
    <property value="PL" name="user.country"/>
    <property value="C:\Programy\Java\jdk1.5.0_16\jre" name="java.home"/>
    <property value="C:\Documents and Settings\jnb\Application Data" name="env.APPDATA"/>
    <property value="mixed mode" name="java.vm.info"/>
    <property value="C:\WINDOWS\system32\cmd.exe" name="env.ComSpec"/>
    <property value="Windows_NT" name="env.OS"/>
    <property value="C:\Program Files\Common Files" name="env.CommonProgramFiles"/>
    <property value="5.1" name="os.version"/>
    <property value=";" name="path.separator"/>
    <property value="1.5.0_16-b02" name="java.vm.version"/>
    <property value="" name="user.variant"/>
    <property value="C:\Documents and Settings\jnb" name="env.USERPROFILE"/>
    <property value="c:\Programy\Java\jdk1.5.0_16" name="env.JAVA_HOME"/>
    <property value="sun.awt.windows.WPrinterJob" name="java.awt.printerjob"/>
    <property value="C:\DOCUME~1\jnb\LOCALS~1\Temp" name="env.TMP"/>
    <property value="UnicodeLittle" name="sun.io.unicode.encoding"/>
    <property value="sun.awt.windows.WToolkit" name="awt.toolkit"/>
    <property value="C:\Documents and Settings\jnb" name="user.home"/>
    <property value="Console" name="env.SESSIONNAME"/>
    <property value="Sun Microsystems Inc." name="java.specification.vendor"/>
    <property value="c:\Programy\sap java connector\sapjco.jar" name="env.CLASSPATH"/>
    <property value="c:\Programy\maven2\apache-maven-2.0.9" name="env.M2_HOME"/>
    <property value="2" name="env.NUMBER_OF_PROCESSORS"/>
    <property value="C:\Programy\Java\jdk1.5.0_16\bin;.;C:\WINDOWS\system32;C:\WINDOWS;C:\Programy\CollabNet Subversion Client;C:\WINDOWS\system32;C:\WINDOWS;C:\WINDOWS\System32\Wbem;C:\WINDOWS\system32\WindowsPowerShell\v1.0;C:\Programy\Subversion\bin;C:\Program Files\Common Files\Teleca Shared;c:\Programy\maven2\apache-maven-2.0.9\bin;c:\Programy\Java\jdk1.5.0_16\bin;c:\Programy\sap java connector;c:\Programy\Mozilla Firefox;c:\Program Files\Internet Explorer;C:\Programy\TortoiseSVN\bin" name="java.library.path"/>
    <property value="http://java.sun.com/" name="java.vendor.url"/>
    <property value="Sun Microsystems Inc." name="java.vm.vendor"/>
    <property value="C:\Programy\maven2\apache-maven-2.0.9" name="maven.home"/>
    <property value="Java(TM) 2 Runtime Environment, Standard Edition" name="java.runtime.name"/>
    <property value="C:\Programy\maven2\apache-maven-2.0.9\boot\classworlds-1.1.jar;C:\Programy\IntelliJ IDEA 8.0.1\lib\idea_rt.jar" name="java.class.path"/>
    <property value="7532" name="idea.launcher.port"/>
    <property value="Java Virtual Machine Specification" name="java.vm.specification.name"/>
    <property value="\\JNBTOSH" name="env.LOGONSERVER"/>
    <property value="C:\WINDOWS" name="env.windir"/>
    <property value="1.0" name="java.vm.specification.version"/>
    <property value="x86" name="env.PROCESSOR_ARCHITECTURE"/>
    <property value="little" name="sun.cpu.endian"/>
    <property value="Service Pack 3" name="sun.os.patch.level"/>
    <property value="C:\Program Files" name="env.ProgramFiles"/>
    <property value="D:\_workspace\touk\svn\trunk\touk-logging\target\test-classes;D:\_workspace\touk\svn\trunk\touk-logging\target\classes;c:\mvnr\org\springframework\spring-aop\2.5.6\spring-aop-2.5.6.jar;c:\mvnr\aopalliance\aopalliance\1.0\aopalliance-1.0.jar;c:\mvnr\commons-logging\commons-logging\1.1.1\commons-logging-1.1.1.jar;c:\mvnr\org\springframework\spring-beans\2.5.6\spring-beans-2.5.6.jar;c:\mvnr\org\springframework\spring-core\2.5.6\spring-core-2.5.6.jar;c:\mvnr\org\aspectj\aspectjrt\1.6.1\aspectjrt-1.6.1.jar;c:\mvnr\org\aspectj\aspectjweaver\1.6.1\aspectjweaver-1.6.1.jar;c:\mvnr\cglib\cglib\2.1\cglib-2.1.jar;c:\mvnr\asm\asm\1.5.3\asm-1.5.3.jar;c:\mvnr\asm\asm-util\1.3.4\asm-util-1.3.4.jar;c:\mvnr\aspectwerkz\aspectwerkz-core\0.8.1\aspectwerkz-core-0.8.1.jar;c:\mvnr\log4j\log4j\1.2.15\log4j-1.2.15.jar;c:\mvnr\javax\mail\mail\1.4\mail-1.4.jar;c:\mvnr\javax\activation\activation\1.1\activation-1.1.jar;c:\mvnr\javax\jms\jms\1.1\jms-1.1.jar;c:\mvnr\com\sun\jdmk\jmxtools\1.2.1\jmxtools-1.2.1.jar;c:\mvnr\com\sun\jmx\jmxri\1.2.1\jmxri-1.2.1.jar;c:\mvnr\pl\touk\wonderful-security-lib\1.0.1\wonderful-security-lib-1.0.1.jar;c:\mvnr\net\sf\hibernate4gwt\hibernate4gwt\1.1.1\hibernate4gwt-1.1.1.jar;c:\mvnr\pl\touk\tola\tola\0.2.2\tola-0.2.2.jar;c:\mvnr\com\google\gwt\gwt-servlet\1.5.3\gwt-servlet-1.5.3.jar;c:\mvnr\com\google\gwt\gwt-user\1.5.3\gwt-user-1.5.3.jar;c:\mvnr\com\extjs\gxt\1.2.1\gxt-1.2.1.jar;c:\mvnr\org\springframework\spring-webmvc\2.5.6\spring-webmvc-2.5.6.jar;c:\mvnr\org\springframework\spring-context\2.5.6\spring-context-2.5.6.jar;c:\mvnr\org\springframework\spring-context-support\2.5.6\spring-context-support-2.5.6.jar;c:\mvnr\org\springframework\spring-web\2.5.6\spring-web-2.5.6.jar;c:\mvnr\commons-httpclient\commons-httpclient\3.1\commons-httpclient-3.1.jar;c:\mvnr\commons-codec\commons-codec\1.3\commons-codec-1.3.jar;c:\mvnr\commons-io\commons-io\1.4\commons-io-1.4.jar;c:\mvnr\commons-fileupload\commons-fileupload\1.2\commons-fileupload-1.2.jar;c:\mvnr\commons-beanutils\commons-beanutils\1.8.0\commons-beanutils-1.8.0.jar;c:\mvnr\commons-beanutils\commons-beanutils-core\1.8.0\commons-beanutils-core-1.8.0.jar;c:\mvnr\commons-beanutils\commons-beanutils-bean-collections\1.8.0\commons-beanutils-bean-collections-1.8.0.jar;c:\mvnr\commons-pool\commons-pool\1.4\commons-pool-1.4.jar;c:\mvnr\commons-dbcp\commons-dbcp\1.2.2\commons-dbcp-1.2.2.jar;c:\mvnr\commons-lang\commons-lang\2.4\commons-lang-2.4.jar;c:\mvnr\org\springframework\security\spring-security-core\2.0.4\spring-security-core-2.0.4.jar;c:\mvnr\commons-collections\commons-collections\3.2.1\commons-collections-3.2.1.jar;c:\mvnr\org\springframework\security\spring-security-core-tiger\2.0.4\spring-security-core-tiger-2.0.4.jar;c:\mvnr\org\springframework\security\spring-security-taglibs\2.0.4\spring-security-taglibs-2.0.4.jar;c:\mvnr\org\springframework\security\spring-security-acl\2.0.4\spring-security-acl-2.0.4.jar;c:\mvnr\org\springframework\spring-jdbc\2.5.6\spring-jdbc-2.5.6.jar;c:\mvnr\org\springframework\spring-tx\2.5.6\spring-tx-2.5.6.jar;c:\mvnr\org\springframework\spring\2.5.6\spring-2.5.6.jar;c:\mvnr\c3p0\c3p0\0.9.1\c3p0-0.9.1.jar;c:\mvnr\org\hibernate\hibernate-annotations\3.4.0.GA\hibernate-annotations-3.4.0.GA.jar;c:\mvnr\org\hibernate\ejb3-persistence\1.0.2.GA\ejb3-persistence-1.0.2.GA.jar;c:\mvnr\org\hibernate\hibernate-commons-annotations\3.3.0.ga\hibernate-commons-annotations-3.3.0.ga.jar;c:\mvnr\org\slf4j\slf4j-api\1.4.2\slf4j-api-1.4.2.jar;c:\mvnr\org\hibernate\hibernate-core\3.3.0.SP1\hibernate-core-3.3.0.SP1.jar;c:\mvnr\antlr\antlr\2.7.6\antlr-2.7.6.jar;c:\mvnr\dom4j\dom4j\1.6.1\dom4j-1.6.1.jar;c:\mvnr\xml-apis\xml-apis\1.0.b2\xml-apis-1.0.b2.jar;c:\mvnr\javax\transaction\jta\1.0.1B\jta-1.0.1B.jar;c:\mvnr\cglib\cglib-nodep\2.1_3\cglib-nodep-2.1_3.jar;c:\mvnr\org\codehaus\groovy\groovy-all\1.5.6\groovy-all-1.5.6.jar;c:\mvnr\junit\junit\4.4\junit-4.4.jar;c:\mvnr\org\apache\ant\ant\1.7.0\ant-1.7.0.jar;c:\mvnr\org\apache\ant\ant-launcher\1.7.0\ant-launcher-1.7.0.jar;c:\mvnr\jline\jline\0.9.94\jline-0.9.94.jar;c:\mvnr\org\codehaus\groovy\maven\gmaven-mojo\1.0-rc-3\gmaven-mojo-1.0-rc-3.jar;c:\mvnr\org\codehaus\groovy\maven\runtime\gmaven-runtime-api\1.0-rc-3\gmaven-runtime-api-1.0-rc-3.jar;c:\mvnr\org\codehaus\groovy\maven\feature\gmaven-feature-api\1.0-rc-3\gmaven-feature-api-1.0-rc-3.jar;c:\mvnr\org\codehaus\groovy\maven\runtime\gmaven-runtime-default\1.0-rc-3\gmaven-runtime-default-1.0-rc-3.jar;c:\mvnr\org\codehaus\groovy\maven\runtime\gmaven-runtime-1.5\1.0-rc-3\gmaven-runtime-1.5-1.0-rc-3.jar;c:\mvnr\org\codehaus\groovy\maven\feature\gmaven-feature-support\1.0-rc-3\gmaven-feature-support-1.0-rc-3.jar;c:\mvnr\org\codehaus\groovy\maven\runtime\gmaven-runtime-support\1.0-rc-3\gmaven-runtime-support-1.0-rc-3.jar;c:\mvnr\org\codehaus\groovy\maven\gmaven-common\1.0-rc-3\gmaven-common-1.0-rc-3.jar;c:\mvnr\org\codehaus\plexus\plexus-utils\1.1\plexus-utils-1.1.jar;c:\mvnr\com\thoughtworks\qdox\qdox\1.6.3\qdox-1.6.3.jar;c:\mvnr\org\codehaus\groovy\groovy-all-minimal\1.5.6\groovy-all-minimal-1.5.6.jar;c:\mvnr\org\apache\maven\maven-project\2.0.5\maven-project-2.0.5.jar;c:\mvnr\org\apache\maven\maven-settings\2.0.5\maven-settings-2.0.5.jar;c:\mvnr\org\apache\maven\maven-model\2.0.5\maven-model-2.0.5.jar;c:\mvnr\org\codehaus\plexus\plexus-container-default\1.0-alpha-9\plexus-container-default-1.0-alpha-9.jar;c:\mvnr\classworlds\classworlds\1.1-alpha-2\classworlds-1.1-alpha-2.jar;c:\mvnr\org\apache\maven\maven-profile\2.0.5\maven-profile-2.0.5.jar;c:\mvnr\org\apache\maven\maven-artifact-manager\2.0.5\maven-artifact-manager-2.0.5.jar;c:\mvnr\org\apache\maven\maven-repository-metadata\2.0.5\maven-repository-metadata-2.0.5.jar;c:\mvnr\org\apache\maven\maven-artifact\2.0.5\maven-artifact-2.0.5.jar;c:\mvnr\org\apache\maven\wagon\wagon-provider-api\1.0-beta-2\wagon-provider-api-1.0-beta-2.jar;c:\mvnr\org\apache\maven\maven-plugin-api\2.0.5\maven-plugin-api-2.0.5.jar;c:\mvnr\hsqldb\hsqldb\1.8.0.7\hsqldb-1.8.0.7.jar;c:\mvnr\org\hibernate\hibernate-tools\3.2.0.ga\hibernate-tools-3.2.0.ga.jar;c:\mvnr\org\beanshell\bsh\2.0b4\bsh-2.0b4.jar;c:\mvnr\freemarker\freemarker\2.3.8\freemarker-2.3.8.jar;c:\mvnr\org\hibernate\jtidy\r8-20060801\jtidy-r8-20060801.jar;c:\mvnr\org\hibernate\hibernate\3.2.6.ga\hibernate-3.2.6.ga.jar;c:\mvnr\net\sf\ehcache\ehcache\1.2.3\ehcache-1.2.3.jar;c:\mvnr\asm\asm-attrs\1.5.3\asm-attrs-1.5.3.jar;c:\mvnr\javax\annotation\jsr250-api\1.0\jsr250-api-1.0.jar;c:\mvnr\javax\persistence\persistence-api\1.0\persistence-api-1.0.jar;c:\mvnr\org\slf4j\slf4j-log4j12\1.4.2\slf4j-log4j12-1.4.2.jar;c:\mvnr\net\sf\beanlib\beanlib\3.3.0beta20b\beanlib-3.3.0beta20b.jar;c:\mvnr\com\thoughtworks\xstream\xstream\1.3\xstream-1.3.jar;c:\mvnr\xpp3\xpp3_min\1.1.4c\xpp3_min-1.1.4c.jar;c:\mvnr\net\sf\beanlib\beanlib-hibernate\3.3.0beta20b\beanlib-hibernate-3.3.0beta20b.jar;c:\mvnr\javassist\javassist\3.8.0.GA\javassist-3.8.0.GA.jar;D:\_workspace\touk\svn\trunk\touk-util\target\touk-util-{parent.version}.jar;c:\mvnr\org\jmock\jmock\2.5.1\jmock-2.5.1.jar;c:\mvnr\org\hamcrest\hamcrest-core\1.1\hamcrest-core-1.1.jar;c:\mvnr\org\hamcrest\hamcrest-library\1.1\hamcrest-library-1.1.jar;" name="surefire.test.class.path"/>
    <property value="C:\DOCUME~1\jnb\LOCALS~1\Temp\" name="java.io.tmpdir"/>
    <property value="0e08" name="env.PROCESSOR_REVISION"/>
    <property value="http://java.sun.com/cgi-bin/bugreport.cgi" name="java.vendor.url.bug"/>
    <property value="C:\WINDOWS" name="env.SystemRoot"/>
    <property value="sun.awt.Win32GraphicsEnvironment" name="java.awt.graphicsenv"/>
    <property value="x86" name="os.arch"/>
    <property value="C:\Programy\Java\jdk1.5.0_16\jre\lib\ext" name="java.ext.dirs"/>
    <property value="D:\_workspace\touk\svn\trunk\touk-logging" name="user.dir"/>
    <property value="
" name="line.separator"/>
    <property value="Java HotSpot(TM) Client VM" name="java.vm.name"/>
    <property value=".COM;.EXE;.BAT;.CMD;.VBS;.VBE;.JS;.JSE;.WSF;.WSH;.PSC1" name="env.PATHEXT"/>
    <property value="C:\Programy\CollabNet Subversion Client;C:\WINDOWS\system32;C:\WINDOWS;C:\WINDOWS\System32\Wbem;C:\WINDOWS\system32\WindowsPowerShell\v1.0;C:\Programy\Subversion\bin;C:\Program Files\Common Files\Teleca Shared;c:\Programy\maven2\apache-maven-2.0.9\bin;c:\Programy\Java\jdk1.5.0_16\bin;c:\Programy\sap java connector;c:\Programy\Mozilla Firefox;c:\Program Files\Internet Explorer;C:\Programy\TortoiseSVN\bin" name="env.Path"/>
    <property value="D:\_workspace\touk\svn\trunk\touk-logging" name="basedir"/>
    <property value="CA8" name="env.DEFAULT_CA_NR"/>
    <property value="c:\Programy\maven2\apache-maven-2.0.9\bin" name="env.M2"/>
    <property value="jnb" name="env.USERNAME"/>
    <property value="C:" name="env.SystemDrive"/>
    <property value="windows-1250" name="file.encoding"/>
    <property value="JNBTOSH" name="env.USERDOMAIN"/>
    <property value="1.5" name="java.specification.version"/>
    <property value="6" name="env.PROCESSOR_LEVEL"/>
  </properties>
  <testcase classname="pl.touk.framework.logging.aop.LogAspectTest" time="0.094" name="testLogBusinessOperationExitInfo"/>
  <testcase classname="pl.touk.framework.logging.aop.LogAspectTest" time="0" name="testLogBusinessOperationErrorInfo"/>
</testsuite>